{"message":"Hello, Winstondsdsfesdegfe!","level":"info"}
{"message":"Hello, Winston!","level":"info"}
{"message":"get users!","level":"info"}
{"message":"Hello, Winston!","level":"info"}
{"level":"info","message":""}
{"message":"Welcome to application","level":"info"}
{"message":"Welcome to application","level":"info"}
{"message":"Welcome to application","level":"info"}
{"message":"Welcome to application","level":"info"}
{"message":"Welcome to application","level":"info"}
{"message":"Welcome to application","level":"info"}
{"message":"Welcome to application","level":"info"}
{"message":"Welcome to application","level":"info"}
{"message":"Welcome to application","level":"info"}
{"message":"Welcome to application","level":"info"}
{"message":"Welcome to application","level":"info"}
{"message":"get users!","level":"info"}
{"message":"Welcome to application","level":"info"}
{"message":"Welcome to application","level":"info"}
{"message":"Welcome to application","level":"info"}
{"message":"Welcome to application","level":"info"}
{"message":"Welcome to application","level":"info"}
{"message":"Welcome to application","level":"info"}
{"message":"Welcome to application","level":"info"}
{"message":"Welcome to application","level":"info"}
{"message":"Welcome to application","level":"info"}
{"message":"get users!","level":"info"}
{"message":"Welcome to application","level":"info"}
{"message":"Welcome to application","level":"info"}
{"message":"Welcome to application","level":"info"}
{"message":"Welcome to application","level":"info"}
{"message":"Welcome to application","level":"info"}
{"message":"Welcome to application","level":"info"}
{"message":"Welcome to application","level":"info"}
{"message":"Welcome to application","level":"info"}
{"message":"Welcome to application","level":"info"}
{"message":"Welcome to application","level":"info"}
{"message":"Welcome to application","level":"info"}
{"message":"Welcome to application","level":"info"}
{"message":"Welcome to application","level":"info"}
{"message":"Welcome to application","level":"info"}
{"message":"Welcome to application","level":"info"}
{"message":"Welcome to application","level":"info"}
{"message":"Welcome to application","level":"info"}
{"message":"Welcome to application","level":"info"}
{"message":"Welcome to application","level":"info"}
{"message":"Welcome to application","level":"info"}
{"message":"Welcome to application","level":"info"}
{"message":"Welcome to application","level":"info"}
{"message":"Welcome to application","level":"info"}
{"message":"Welcome to application","level":"info"}
{"message":"Welcome to application","level":"info"}
{"message":"Welcome to application","level":"info"}
{"message":"Welcome to application","level":"info"}
{"message":"Welcome to application","level":"info"}
{"message":"Welcome to application","level":"info"}
{"message":"Welcome to application","level":"info"}
{"message":"Welcome to application","level":"info"}
{"message":"Welcome to application","level":"info"}
{"message":"Welcome to application","level":"info"}
{"message":"Welcome to application","level":"info"}
{"message":"Welcome to application","level":"info"}
{"message":"Welcome to application","level":"info"}
{"message":"Welcome to application","level":"info"}
{"message":"Welcome to application","level":"info"}
{"message":"Welcome to application","level":"info"}
{"message":"Welcome to application","level":"info"}
{"message":"Welcome to application","level":"info"}
{"message":"Welcome to application","level":"info"}
{"message":"Welcome to application","level":"info"}
{"message":"Welcome to application","level":"info"}
{"message":"Welcome to application","level":"info"}
{"message":"Welcome to application","level":"info"}
{"message":"Welcome to application","level":"info"}
{"message":"Welcome to application","level":"info"}
{"message":"Welcome to application","level":"info"}
{"message":"Welcome to application","level":"info"}
{"message":"Welcome to application","level":"info"}
{"message":"Welcome to application","level":"info"}
{"message":"Welcome to application","level":"info"}
{"message":"Welcome to application","level":"info"}
{"message":"Welcome to application","level":"info"}
{"message":"Welcome to application","level":"info"}
{"message":"Welcome to application","level":"info"}
{"message":"Welcome to application","level":"info"}
{"message":"Welcome to application","level":"info"}
{"message":"Welcome to application","level":"info"}
{"message":"Welcome to application","level":"info"}
{"message":"Welcome to application","level":"info"}
{"message":"Welcome to application","level":"info"}
{"message":"Welcome to application","level":"info"}
{"message":"Welcome to application","level":"info"}
{"message":"Welcome to application","level":"info"}
{"message":"Welcome to application","level":"info"}
{"message":"Welcome to application","level":"info"}
{"message":"Welcome to application","level":"info"}
{"message":"Welcome to application","level":"info"}
{"message":"Welcome to application","level":"info"}
{"message":"Welcome to application","level":"info"}
{"message":"Welcome to application","level":"info"}
{"message":"Welcome to application","level":"info"}
{"message":"Welcome to application","level":"info"}
{"message":"Welcome to application","level":"info"}
{"message":"Welcome to application","level":"info"}
{"message":"Welcome to application","level":"info"}
{"message":"Welcome to application","level":"info"}
{"message":"Welcome to application","level":"info"}
{"message":"Welcome to application","level":"info"}
{"message":"Welcome to application","level":"info"}
{"message":"Welcome to application","level":"info"}
{"message":"Welcome to application","level":"info"}
{"message":"Welcome to application","level":"info"}
{"message":"Welcome to application","level":"info"}
{"message":"Welcome to application","level":"info"}
{"message":"Welcome to application","level":"info"}
{"message":"Welcome to application","level":"info"}
{"message":"Welcome to application","level":"info"}
{"message":"Welcome to application","level":"info"}
{"message":"Welcome to application","level":"info"}
{"message":"Welcome to application","level":"info"}
{"message":"Welcome to application","level":"info"}
{"message":"Welcome to application","level":"info"}
{"message":"Welcome to application","level":"info"}
{"message":"Welcome to application","level":"info"}
{"message":"Welcome to application","level":"info"}
{"message":"Welcome to application","level":"info"}
{"message":"Welcome to application","level":"info"}
{"message":"Welcome to application","level":"info"}
{"message":"Welcome to application","level":"info"}
{"message":"Welcome to application","level":"info"}
{"message":"Welcome to application","level":"info"}
{"message":"Welcome to application","level":"info"}
{"message":"Welcome to application","level":"info"}
{"message":"Welcome to application","level":"info"}
{"message":"Welcome to application","level":"info"}
{"message":"Welcome to application","level":"info"}
{"message":"Welcome to application","level":"info"}
{"message":"Welcome to application","level":"info"}
{"message":"Welcome to application","level":"info"}
{"message":"Welcome to application","level":"info"}
{"message":"Welcome to application","level":"info"}
{"message":"Welcome to application","level":"info"}
{"message":"Welcome to application","level":"info"}
{"message":"Welcome to application","level":"info"}
{"message":"Welcome to application","level":"info"}
{"message":"Welcome to application","level":"info"}
{"message":"Welcome to application","level":"info"}
{"message":"Welcome to application","level":"info"}
{"message":"Welcome to application","level":"info"}
{"message":"Welcome to application","level":"info"}
{"message":"Welcome to application","level":"info"}
{"message":"Welcome to application","level":"info"}
{"message":"Welcome to application","level":"info"}
{"message":"Welcome to application","level":"info"}
{"message":"Welcome to application","level":"info"}
{"message":"Welcome to application","level":"info"}
{"message":"Welcome to application","level":"info"}
{"message":"Welcome to application","level":"info"}
{"message":"Welcome to application","level":"info"}
{"message":"Welcome to application","level":"info"}
{"message":"Welcome to application","level":"info"}
{"message":"Welcome to application","level":"info"}
{"message":"Welcome to application","level":"info"}
{"message":"Welcome to application","level":"info"}
{"message":"Welcome to application","level":"info"}
{"message":"Welcome to application","level":"info"}
{"message":"Welcome to application","level":"info"}
{"message":"Welcome to application","level":"info"}
{"message":"Welcome to application","level":"info"}
{"message":"Welcome to application","level":"info"}
{"message":"Welcome to application","level":"info"}
{"message":"Welcome to application","level":"info"}
{"message":"Welcome to application","level":"info"}
{"message":"Welcome to application","level":"info"}
{"message":"Welcome to application","level":"info"}
{"message":"Welcome to application","level":"info"}
{"message":"Welcome to application","level":"info"}
{"message":"Welcome to application","level":"info"}
{"message":"Welcome to application","level":"info"}
{"message":"Welcome to application","level":"info"}
{"message":"Welcome to application","level":"info"}
{"message":"Welcome to application","level":"info"}
{"message":"Welcome to application","level":"info"}
{"message":"Welcome to application","level":"info"}
{"message":"Welcome to application","level":"info"}
{"message":"Welcome to application","level":"info"}
{"message":"Welcome to application","level":"info"}
{"message":"Welcome to application","level":"info"}
{"message":"Welcome to application","level":"info"}
{"message":"Welcome to application","level":"info"}
{"message":"Welcome to application","level":"info"}
{"message":"Welcome to application","level":"info"}
{"message":"Welcome to application","level":"info"}
{"message":"Welcome to application","level":"info"}
{"message":"Welcome to application","level":"info"}
{"message":"Welcome to application","level":"info"}
{"message":"Welcome to application","level":"info"}
{"message":"Welcome to application","level":"info"}
{"message":"Welcome to application","level":"info"}
{"message":"Welcome to application","level":"info"}
{"message":"Welcome to application","level":"info"}
{"message":"Welcome to application","level":"info"}
{"message":"Welcome to application","level":"info"}
{"message":"Welcome to application","level":"info"}
{"message":"Welcome to application","level":"info"}
{"message":"Welcome to application","level":"info"}
{"message":"Welcome to application","level":"info"}
{"message":"Welcome to application","level":"info"}
{"message":"Welcome to application","level":"info"}
{"message":"Welcome to application","level":"info"}
{"message":"Welcome to application","level":"info"}
{"message":"Welcome to application","level":"info"}
{"message":"Welcome to application","level":"info"}
{"message":"Welcome to application","level":"info"}
{"message":"Welcome to application","level":"info"}
{"message":"Welcome to application","level":"info"}
{"message":"Welcome to application","level":"info"}
{"message":"Welcome to application","level":"info"}
{"message":"Welcome to application","level":"info"}
{"message":"Welcome to application","level":"info"}
{"message":"Welcome to application","level":"info"}
{"message":"Welcome to application","level":"info"}
{"message":"Welcome to application","level":"info"}
{"message":"Welcome to application","level":"info"}
{"message":"Welcome to application","level":"info"}
{"message":"Welcome to application","level":"info"}
{"message":"Welcome to application","level":"info"}
{"message":"Welcome to application","level":"info"}
{"message":"Welcome to application","level":"info"}
{"message":"Welcome to application","level":"info"}
{"message":"Welcome to application","level":"info"}
{"message":"Welcome to application","level":"info"}
{"message":"Welcome to application","level":"info"}
{"message":"Welcome to application","level":"info"}
{"message":"Welcome to application","level":"info"}
{"message":"Welcome to application","level":"info"}
{"message":"Welcome to application","level":"info"}
{"message":"Welcome to application","level":"info"}
{"message":"Welcome to application","level":"info"}
{"message":"Welcome to application","level":"info"}
{"message":"Welcome to application","level":"info"}
{"message":"Connected to database.","level":"info"}
{"message":"Welcome to application","level":"info"}
{"message":"Server is running at 3000 port..","level":"info"}
{"message":"Connected to database.","level":"info"}
{"message":"Welcome to application","level":"info"}
{"message":"Server is running at 3000 port..","level":"info"}
{"message":"Connected to database.","level":"info"}
{"message":"Welcome to application","level":"info"}
{"message":"Server is running at 3000 port..","level":"info"}
{"message":"Connected to database.","level":"info"}
{"message":"Welcome to application","level":"info"}
{"message":"Server is running at 3000 port..","level":"info"}
{"message":"Connected to database.","level":"info"}
{"message":"Welcome to application","level":"info"}
{"message":"Server is running at 3000 port..","level":"info"}
{"message":"Connected to database.","level":"info"}
{"message":"Welcome to application","level":"info"}
{"message":"Server is running at 3000 port..","level":"info"}
{"message":"Connected to database.","level":"info"}
{"message":"Welcome to application","level":"info"}
{"message":"Server is running at 3000 port..","level":"info"}
{"message":"Connected to database.","level":"info"}
{"message":"Welcome to application","level":"info"}
{"message":"Server is running at 3000 port..","level":"info"}
{"message":"Connected to database.","level":"info"}
{"message":"Welcome to application","level":"info"}
{"message":"Server is running at 3000 port..","level":"info"}
{"message":"Connected to database.","level":"info"}
